#
# There is insufficient memory for the Java Runtime Environment to continue.
# Native memory allocation (mmap) failed to map 239075328 bytes for G1 virtual space
# Possible reasons:
#   The system is out of physical RAM or swap space
#   The process is running with CompressedOops enabled, and the Java Heap may be blocking the growth of the native heap
# Possible solutions:
#   Reduce memory load on the system
#   Increase physical memory or swap space
#   Check if swap backing store is full
#   Decrease Java heap size (-Xmx/-Xms)
#   Decrease number of Java threads
#   Decrease Java thread stack sizes (-Xss)
#   Set larger code cache with -XX:ReservedCodeCacheSize=
#   JVM is running with Unscaled Compressed Oops mode in which the Java heap is
#     placed in the first 4GB address space. The Java Heap base address is the
#     maximum limit for the native heap growth. Please use -XX:HeapBaseMinAddress
#     to set the Java Heap base and to place the Java Heap above 4GB virtual address.
# This output file may be truncated or incomplete.
#
#  Out of Memory Error (os_windows.cpp:3541), pid=6044, tid=10928
#
# JRE version: OpenJDK Runtime Environment Temurin-17.0.4+8 (17.0.4+8) (build 17.0.4+8)
# Java VM: OpenJDK 64-Bit Server VM Temurin-17.0.4+8 (17.0.4+8, mixed mode, emulated-client, tiered, compressed oops, compressed class ptrs, g1 gc, windows-amd64)
# No core dump will be written. Minidumps are not enabled by default on client versions of Windows
#

---------------  S U M M A R Y ------------

Command Line: -Dcom.sun.management.jmxremote -Dcom.sun.management.jmxremote.port=60818 -Dcom.sun.management.jmxremote.authenticate=false -Dcom.sun.management.jmxremote.ssl=false -Djava.rmi.server.hostname=localhost -Dspring.jmx.enabled=true -Dspring.application.admin.enabled=true -XX:TieredStopAtLevel=1 -Dspring.boot.project.name=book-service -Dfile.encoding=UTF-8 -XX:+ShowCodeDetailsInExceptionMessages com.digitalbook.BookServiceApplication --spring.output.ansi.enabled=always

Host: Intel(R) Core(TM) i3-5005U CPU @ 2.00GHz, 4 cores, 3G,  Windows 10 , 64 bit Build 19041 (10.0.19041.2251)
Time: Tue Dec  6 00:11:33 2022 India Standard Time elapsed time: 20.676423 seconds (0d 0h 0m 20s)

---------------  T H R E A D  ---------------

Current thread (0x000002101d4cb9b0):  VMThread "VM Thread" [stack: 0x000000ea47500000,0x000000ea47600000] [id=10928]

Stack: [0x000000ea47500000,0x000000ea47600000]
Native frames: (J=compiled Java code, j=interpreted, Vv=VM code, C=native code)
V  [jvm.dll+0x67733a]
V  [jvm.dll+0x8323c4]
V  [jvm.dll+0x833b6e]
V  [jvm.dll+0x8341d3]
V  [jvm.dll+0x2455e5]
V  [jvm.dll+0x674229]
V  [jvm.dll+0x668ab2]
V  [jvm.dll+0x30458b]
V  [jvm.dll+0x30bad6]
V  [jvm.dll+0x35ba7e]
V  [jvm.dll+0x35bcaf]
V  [jvm.dll+0x2db428]
V  [jvm.dll+0x2d96dc]
V  [jvm.dll+0x2d8cac]
V  [jvm.dll+0x31cc0b]
V  [jvm.dll+0x83867b]
V  [jvm.dll+0x8393b4]
V  [jvm.dll+0x8398cc]
V  [jvm.dll+0x839ca4]
V  [jvm.dll+0x839d70]
V  [jvm.dll+0x7e245a]
V  [jvm.dll+0x6761c5]
C  [ucrtbase.dll+0x21bb2]
C  [KERNEL32.DLL+0x174b4]
C  [ntdll.dll+0x526a1]

VM_Operation (0x000000ea497fd570): G1CollectForAllocation, mode: safepoint, requested by thread 0x00000210228c8f20


---------------  P R O C E S S  ---------------

Threads class SMR info:
_java_thread_list=0x0000021022cd2c60, length=35, elements={
0x00000210124f1d80, 0x000002101d4adc30, 0x000002101d4aeb30, 0x000002101d4b8cf0,
0x000002101d506180, 0x000002101d507bb0, 0x000002101d508470, 0x000002101d508d30,
0x000002101d5406e0, 0x000002101e09b320, 0x000002101d46c8d0, 0x000002101e18d020,
0x000002101e830aa0, 0x000002101e2bc400, 0x000002101e5e5000, 0x000002101e936e40,
0x000002101e924b30, 0x000002101e948820, 0x000002101e9480b0, 0x000002101e6b0060,
0x000002101f77d320, 0x000002101f77d7f0, 0x000002101f77bfe0, 0x000002101f77c4b0,
0x000002101f77c980, 0x000002101f77ce50, 0x00000210228cb0d0, 0x00000210228ccdb0,
0x00000210228c8580, 0x00000210228c8f20, 0x00000210228cea90, 0x00000210228cba70,
0x00000210228cb5a0, 0x00000210228c93f0, 0x00000210228ce0f0
}

Java Threads: ( => current thread )
  0x00000210124f1d80 JavaThread "main" [_thread_blocked, id=1808, stack(0x000000ea46f00000,0x000000ea47000000)]
  0x000002101d4adc30 JavaThread "Reference Handler" daemon [_thread_blocked, id=10776, stack(0x000000ea47600000,0x000000ea47700000)]
  0x000002101d4aeb30 JavaThread "Finalizer" daemon [_thread_blocked, id=4164, stack(0x000000ea47700000,0x000000ea47800000)]
  0x000002101d4b8cf0 JavaThread "Signal Dispatcher" daemon [_thread_blocked, id=9588, stack(0x000000ea47800000,0x000000ea47900000)]
  0x000002101d506180 JavaThread "Attach Listener" daemon [_thread_blocked, id=10264, stack(0x000000ea47900000,0x000000ea47a00000)]
  0x000002101d507bb0 JavaThread "Service Thread" daemon [_thread_blocked, id=8260, stack(0x000000ea47a00000,0x000000ea47b00000)]
  0x000002101d508470 JavaThread "Monitor Deflation Thread" daemon [_thread_blocked, id=13044, stack(0x000000ea47b00000,0x000000ea47c00000)]
  0x000002101d508d30 JavaThread "C1 CompilerThread0" daemon [_thread_blocked, id=6468, stack(0x000000ea47c00000,0x000000ea47d00000)]
  0x000002101d5406e0 JavaThread "Sweeper thread" daemon [_thread_blocked, id=12164, stack(0x000000ea47d00000,0x000000ea47e00000)]
  0x000002101e09b320 JavaThread "Common-Cleaner" daemon [_thread_blocked, id=13492, stack(0x000000ea47e00000,0x000000ea47f00000)]
  0x000002101d46c8d0 JavaThread "C1 CompilerThread1" daemon [_thread_blocked, id=9160, stack(0x000000ea47f00000,0x000000ea48000000)]
  0x000002101e18d020 JavaThread "Notification Thread" daemon [_thread_blocked, id=9464, stack(0x000000ea48000000,0x000000ea48100000)]
  0x000002101e830aa0 JavaThread "RMI TCP Accept-0" daemon [_thread_in_native, id=13096, stack(0x000000ea48100000,0x000000ea48200000)]
  0x000002101e2bc400 JavaThread "RMI TCP Accept-60818" daemon [_thread_in_native, id=12752, stack(0x000000ea48500000,0x000000ea48600000)]
  0x000002101e5e5000 JavaThread "RMI TCP Accept-0" daemon [_thread_in_native, id=10496, stack(0x000000ea48600000,0x000000ea48700000)]
  0x000002101e936e40 JavaThread "RMI TCP Connection(1)-127.0.0.1" daemon [_thread_in_native, id=6884, stack(0x000000ea48800000,0x000000ea48900000)]
  0x000002101e924b30 JavaThread "RMI Scheduler(0)" daemon [_thread_blocked, id=13868, stack(0x000000ea48900000,0x000000ea48a00000)]
  0x000002101e948820 JavaThread "RMI TCP Connection(2)-127.0.0.1" daemon [_thread_in_native, id=11724, stack(0x000000ea48a00000,0x000000ea48b00000)]
  0x000002101e9480b0 JavaThread "JMX server connection timeout 21" daemon [_thread_blocked, id=5868, stack(0x000000ea48b00000,0x000000ea48c00000)]
  0x000002101e6b0060 JavaThread "C1 CompilerThread2" daemon [_thread_blocked, id=7668, stack(0x000000ea48c00000,0x000000ea48d00000)]
  0x000002101f77d320 JavaThread "RMI TCP Connection(3)-127.0.0.1" daemon [_thread_in_native, id=3276, stack(0x000000ea48d00000,0x000000ea48e00000)]
  0x000002101f77d7f0 JavaThread "mysql-cj-abandoned-connection-cleanup" daemon [_thread_blocked, id=4616, stack(0x000000ea48e00000,0x000000ea48f00000)]
  0x000002101f77bfe0 JavaThread "Catalina-utility-1" [_thread_blocked, id=724, stack(0x000000ea48f00000,0x000000ea49000000)]
  0x000002101f77c4b0 JavaThread "Catalina-utility-2" [_thread_blocked, id=5632, stack(0x000000ea49000000,0x000000ea49100000)]
  0x000002101f77c980 JavaThread "container-0" [_thread_blocked, id=13940, stack(0x000000ea49100000,0x000000ea49200000)]
  0x000002101f77ce50 JavaThread "HikariPool-1 housekeeper" daemon [_thread_blocked, id=8736, stack(0x000000ea49300000,0x000000ea49400000)]
  0x00000210228cb0d0 JavaThread "HikariPool-1 connection adder" daemon [_thread_blocked, id=10188, stack(0x000000ea49400000,0x000000ea49500000)]
  0x00000210228ccdb0 JavaThread "ClassGraph-worker-32" daemon [_thread_blocked, id=6572, stack(0x000000ea49500000,0x000000ea49600000)]
  0x00000210228c8580 JavaThread "ClassGraph-worker-33" daemon [_thread_blocked, id=11656, stack(0x000000ea49600000,0x000000ea49700000)]
  0x00000210228c8f20 JavaThread "ClassGraph-worker-34" daemon [_thread_blocked, id=5828, stack(0x000000ea49700000,0x000000ea49800000)]
  0x00000210228cea90 JavaThread "ClassGraph-worker-35" daemon [_thread_blocked, id=5184, stack(0x000000ea49800000,0x000000ea49900000)]
  0x00000210228cba70 JavaThread "ClassGraph-worker-36" daemon [_thread_blocked, id=7164, stack(0x000000ea49900000,0x000000ea49a00000)]
  0x00000210228cb5a0 JavaThread "ClassGraph-worker-37" daemon [_thread_blocked, id=9208, stack(0x000000ea49a00000,0x000000ea49b00000)]
  0x00000210228c93f0 JavaThread "ClassGraph-worker-38" daemon [_thread_blocked, id=13676, stack(0x000000ea49b00000,0x000000ea49c00000)]
  0x00000210228ce0f0 JavaThread "ClassGraph-worker-39" daemon [_thread_blocked, id=13288, stack(0x000000ea49c00000,0x000000ea49d00000)]

Other Threads:
=>0x000002101d4cb9b0 VMThread "VM Thread" [stack: 0x000000ea47500000,0x000000ea47600000] [id=10928]
  0x000002101e2bd0b0 WatcherThread [stack: 0x000000ea48700000,0x000000ea48800000] [id=1552]
  0x000002101252e190 GCTaskThread "GC Thread#0" [stack: 0x000000ea47000000,0x000000ea47100000] [id=5744]
  0x000002101e82df50 GCTaskThread "GC Thread#1" [stack: 0x000000ea48200000,0x000000ea48300000] [id=10580]
  0x000002101e8db100 GCTaskThread "GC Thread#2" [stack: 0x000000ea48300000,0x000000ea48400000] [id=12840]
  0x000002101e8db3b0 GCTaskThread "GC Thread#3" [stack: 0x000000ea48400000,0x000000ea48500000] [id=10676]
  0x0000021012538510 ConcurrentGCThread "G1 Main Marker" [stack: 0x000000ea47100000,0x000000ea47200000] [id=12284]
  0x0000021012538e30 ConcurrentGCThread "G1 Conc#0" [stack: 0x000000ea47200000,0x000000ea47300000] [id=10244]
  0x0000021012584e90 ConcurrentGCThread "G1 Refine#0" [stack: 0x000000ea47300000,0x000000ea47400000] [id=12020]
  0x00000210125857c0 ConcurrentGCThread "G1 Service" [stack: 0x000000ea47400000,0x000000ea47500000] [id=496]

Threads with active compile tasks:

VM state: at safepoint (normal execution)

VM Mutex/Monitor currently owned by a thread:  ([mutex/lock_event])
[0x00000210124ee540] Threads_lock - owner thread: 0x000002101d4cb9b0
[0x00000210124ed220] Heap_lock - owner thread: 0x00000210228c8f20

Heap address: 0x00000000c1400000, size: 1004 MB, Compressed Oops mode: 32-bit

CDS archive(s) not mapped
Compressed class space mapped at: 0x0000000100000000-0x0000000140000000, reserved size: 1073741824
Narrow klass base: 0x0000000000000000, Narrow klass shift: 3, Narrow klass range: 0x140000000

GC Precious Log:
 CPUs: 4 total, 4 available
 Memory: 4011M
 Large Page Support: Disabled
 NUMA Support: Disabled
 Compressed Oops: Enabled (32-bit)
 Heap Region Size: 1M
 Heap Min Capacity: 8M
 Heap Initial Capacity: 64M
 Heap Max Capacity: 1004M
 Pre-touch: Disabled
 Parallel Workers: 4
 Concurrent Workers: 1
 Concurrent Refinement Workers: 4
 Periodic GC: Disabled

Heap:
 garbage-first heap   total 116736K, used 57935K [0x00000000c1400000, 0x0000000100000000)
  region size 1024K, 4 young (4096K), 4 survivors (4096K)
 Metaspace       used 70064K, committed 70464K, reserved 1114112K
  class space    used 9512K, committed 9728K, reserved 1048576K

Heap Regions: E=young(eden), S=young(survivor), O=old, HS=humongous(starts), HC=humongous(continues), CS=collection set, F=free, OA=open archive, CA=closed archive, TAMS=top-at-mark-start (previous, next)
|   0|0x00000000c1400000, 0x00000000c1500000, 0x00000000c1500000|100%|HS|  |TAMS 0x00000000c1500000, 0x00000000c1400000| Complete 
|   1|0x00000000c1500000, 0x00000000c1600000, 0x00000000c1600000|100%| O|  |TAMS 0x00000000c1600000, 0x00000000c1500000| Untracked 
|   2|0x00000000c1600000, 0x00000000c1700000, 0x00000000c1700000|100%| O|  |TAMS 0x00000000c1700000, 0x00000000c1600000| Untracked 
|   3|0x00000000c1700000, 0x00000000c1800000, 0x00000000c1800000|100%| O|  |TAMS 0x00000000c1800000, 0x00000000c1700000| Untracked 
|   4|0x00000000c1800000, 0x00000000c1900000, 0x00000000c1900000|100%| O|  |TAMS 0x00000000c1900000, 0x00000000c1800000| Untracked 
|   5|0x00000000c1900000, 0x00000000c1a00000, 0x00000000c1a00000|100%| O|  |TAMS 0x00000000c1a00000, 0x00000000c1900000| Untracked 
|   6|0x00000000c1a00000, 0x00000000c1b00000, 0x00000000c1b00000|100%| O|  |TAMS 0x00000000c1b00000, 0x00000000c1a00000| Untracked 
|   7|0x00000000c1b00000, 0x00000000c1c00000, 0x00000000c1c00000|100%| O|  |TAMS 0x00000000c1c00000, 0x00000000c1b00000| Untracked 
|   8|0x00000000c1c00000, 0x00000000c1d00000, 0x00000000c1d00000|100%| O|  |TAMS 0x00000000c1d00000, 0x00000000c1c00000| Untracked 
|   9|0x00000000c1d00000, 0x00000000c1d00000, 0x00000000c1e00000|  0%| F|  |TAMS 0x00000000c1d00000, 0x00000000c1d00000| Untracked 
|  10|0x00000000c1e00000, 0x00000000c1f00000, 0x00000000c1f00000|100%| O|  |TAMS 0x00000000c1f00000, 0x00000000c1e00000| Untracked 
|  11|0x00000000c1f00000, 0x00000000c2000000, 0x00000000c2000000|100%| O|  |TAMS 0x00000000c2000000, 0x00000000c1f00000| Untracked 
|  12|0x00000000c2000000, 0x00000000c2100000, 0x00000000c2100000|100%| O|  |TAMS 0x00000000c2100000, 0x00000000c2000000| Untracked 
|  13|0x00000000c2100000, 0x00000000c2200000, 0x00000000c2200000|100%| O|  |TAMS 0x00000000c2200000, 0x00000000c2100000| Untracked 
|  14|0x00000000c2200000, 0x00000000c2300000, 0x00000000c2300000|100%| O|  |TAMS 0x00000000c2200000, 0x00000000c2200000| Untracked 
|  15|0x00000000c2300000, 0x00000000c2400000, 0x00000000c2400000|100%| O|  |TAMS 0x00000000c2400000, 0x00000000c2300000| Untracked 
|  16|0x00000000c2400000, 0x00000000c2500000, 0x00000000c2500000|100%| O|  |TAMS 0x00000000c2500000, 0x00000000c2400000| Untracked 
|  17|0x00000000c2500000, 0x00000000c2600000, 0x00000000c2600000|100%| O|  |TAMS 0x00000000c2600000, 0x00000000c2500000| Untracked 
|  18|0x00000000c2600000, 0x00000000c2700000, 0x00000000c2700000|100%| O|  |TAMS 0x00000000c2700000, 0x00000000c2600000| Untracked 
|  19|0x00000000c2700000, 0x00000000c2800000, 0x00000000c2800000|100%| O|  |TAMS 0x00000000c2800000, 0x00000000c2700000| Untracked 
|  20|0x00000000c2800000, 0x00000000c2900000, 0x00000000c2900000|100%| O|  |TAMS 0x00000000c2900000, 0x00000000c2800000| Untracked 
|  21|0x00000000c2900000, 0x00000000c2a00000, 0x00000000c2a00000|100%| O|  |TAMS 0x00000000c2a00000, 0x00000000c2900000| Untracked 
|  22|0x00000000c2a00000, 0x00000000c2b00000, 0x00000000c2b00000|100%| O|  |TAMS 0x00000000c2b00000, 0x00000000c2a00000| Untracked 
|  23|0x00000000c2b00000, 0x00000000c2c00000, 0x00000000c2c00000|100%| O|  |TAMS 0x00000000c2c00000, 0x00000000c2b00000| Untracked 
|  24|0x00000000c2c00000, 0x00000000c2d00000, 0x00000000c2d00000|100%| O|  |TAMS 0x00000000c2d00000, 0x00000000c2c00000| Untracked 
|  25|0x00000000c2d00000, 0x00000000c2e00000, 0x00000000c2e00000|100%| O|  |TAMS 0x00000000c2e00000, 0x00000000c2d00000| Untracked 
|  26|0x00000000c2e00000, 0x00000000c2f00000, 0x00000000c2f00000|100%| O|  |TAMS 0x00000000c2f00000, 0x00000000c2e00000| Untracked 
|  27|0x00000000c2f00000, 0x00000000c3000000, 0x00000000c3000000|100%| O|  |TAMS 0x00000000c3000000, 0x00000000c2f00000| Untracked 
|  28|0x00000000c3000000, 0x00000000c3100000, 0x00000000c3100000|100%| O|  |TAMS 0x00000000c3100000, 0x00000000c3000000| Untracked 
|  29|0x00000000c3100000, 0x00000000c3200000, 0x00000000c3200000|100%| O|  |TAMS 0x00000000c3200000, 0x00000000c3100000| Untracked 
|  30|0x00000000c3200000, 0x00000000c3300000, 0x00000000c3300000|100%| O|  |TAMS 0x00000000c3300000, 0x00000000c3200000| Untracked 
|  31|0x00000000c3300000, 0x00000000c3400000, 0x00000000c3400000|100%| O|  |TAMS 0x00000000c3400000, 0x00000000c3300000| Untracked 
|  32|0x00000000c3400000, 0x00000000c3500000, 0x00000000c3500000|100%| O|  |TAMS 0x00000000c3500000, 0x00000000c3400000| Untracked 
|  33|0x00000000c3500000, 0x00000000c3600000, 0x00000000c3600000|100%| O|  |TAMS 0x00000000c3600000, 0x00000000c3500000| Untracked 
|  34|0x00000000c3600000, 0x00000000c3700000, 0x00000000c3700000|100%| O|  |TAMS 0x00000000c3600000, 0x00000000c3600000| Untracked 
|  35|0x00000000c3700000, 0x00000000c3800000, 0x00000000c3800000|100%| O|  |TAMS 0x00000000c3800000, 0x00000000c3700000| Untracked 
|  36|0x00000000c3800000, 0x00000000c3900000, 0x00000000c3900000|100%| O|  |TAMS 0x00000000c3900000, 0x00000000c3800000| Untracked 
|  37|0x00000000c3900000, 0x00000000c3a00000, 0x00000000c3a00000|100%| O|  |TAMS 0x00000000c3900000, 0x00000000c3900000| Untracked 
|  38|0x00000000c3a00000, 0x00000000c3b00000, 0x00000000c3b00000|100%| O|  |TAMS 0x00000000c3a00000, 0x00000000c3a00000| Untracked 
|  39|0x00000000c3b00000, 0x00000000c3c00000, 0x00000000c3c00000|100%| O|  |TAMS 0x00000000c3b00000, 0x00000000c3b00000| Untracked 
|  40|0x00000000c3c00000, 0x00000000c3c93e00, 0x00000000c3d00000| 57%| O|  |TAMS 0x00000000c3c00000, 0x00000000c3c00000| Untracked 
|  41|0x00000000c3d00000, 0x00000000c3d00000, 0x00000000c3e00000|  0%| F|  |TAMS 0x00000000c3d00000, 0x00000000c3d00000| Untracked 
|  42|0x00000000c3e00000, 0x00000000c3f00000, 0x00000000c3f00000|100%| O|  |TAMS 0x00000000c3e00000, 0x00000000c3e00000| Untracked 
|  43|0x00000000c3f00000, 0x00000000c4000000, 0x00000000c4000000|100%| O|  |TAMS 0x00000000c4000000, 0x00000000c3f00000| Untracked 
|  44|0x00000000c4000000, 0x00000000c4100000, 0x00000000c4100000|100%| O|  |TAMS 0x00000000c4100000, 0x00000000c4000000| Untracked 
|  45|0x00000000c4100000, 0x00000000c4200000, 0x00000000c4200000|100%| O|  |TAMS 0x00000000c4200000, 0x00000000c4100000| Untracked 
|  46|0x00000000c4200000, 0x00000000c4200000, 0x00000000c4300000|  0%| F|  |TAMS 0x00000000c4200000, 0x00000000c4200000| Untracked 
|  47|0x00000000c4300000, 0x00000000c4300000, 0x00000000c4400000|  0%| F|  |TAMS 0x00000000c4300000, 0x00000000c4300000| Untracked 
|  48|0x00000000c4400000, 0x00000000c4400000, 0x00000000c4500000|  0%| F|  |TAMS 0x00000000c4400000, 0x00000000c4400000| Untracked 
|  49|0x00000000c4500000, 0x00000000c4600000, 0x00000000c4600000|100%| O|  |TAMS 0x00000000c4600000, 0x00000000c4500000| Untracked 
|  50|0x00000000c4600000, 0x00000000c4700000, 0x00000000c4700000|100%| O|  |TAMS 0x00000000c46fe200, 0x00000000c4600000| Untracked 
|  51|0x00000000c4700000, 0x00000000c4800000, 0x00000000c4800000|100%| O|  |TAMS 0x00000000c4700000, 0x00000000c4700000| Untracked 
|  52|0x00000000c4800000, 0x00000000c4900000, 0x00000000c4900000|100%| O|  |TAMS 0x00000000c4800000, 0x00000000c4800000| Untracked 
|  53|0x00000000c4900000, 0x00000000c4a00000, 0x00000000c4a00000|100%| O|  |TAMS 0x00000000c4900000, 0x00000000c4900000| Untracked 
|  54|0x00000000c4a00000, 0x00000000c4b00000, 0x00000000c4b00000|100%| O|  |TAMS 0x00000000c4a00000, 0x00000000c4a00000| Untracked 
|  55|0x00000000c4b00000, 0x00000000c4c00000, 0x00000000c4c00000|100%| O|  |TAMS 0x00000000c4b00000, 0x00000000c4b00000| Untracked 
|  56|0x00000000c4c00000, 0x00000000c4d00000, 0x00000000c4d00000|100%| O|  |TAMS 0x00000000c4c00000, 0x00000000c4c00000| Untracked 
|  57|0x00000000c4d00000, 0x00000000c4e00000, 0x00000000c4e00000|100%| O|  |TAMS 0x00000000c4d00000, 0x00000000c4d00000| Untracked 
|  58|0x00000000c4e00000, 0x00000000c4e00000, 0x00000000c4f00000|  0%| F|  |TAMS 0x00000000c4e00000, 0x00000000c4e00000| Untracked 
|  59|0x00000000c4f00000, 0x00000000c4f00000, 0x00000000c5000000|  0%| F|  |TAMS 0x00000000c4f00000, 0x00000000c4f00000| Untracked 
|  60|0x00000000c5000000, 0x00000000c5000000, 0x00000000c5100000|  0%| F|  |TAMS 0x00000000c5000000, 0x00000000c5000000| Untracked 
|  61|0x00000000c5100000, 0x00000000c5100000, 0x00000000c5200000|  0%| F|  |TAMS 0x00000000c5100000, 0x00000000c5100000| Untracked 
|  62|0x00000000c5200000, 0x00000000c5200000, 0x00000000c5300000|  0%| F|  |TAMS 0x00000000c5200000, 0x00000000c5200000| Untracked 
|  63|0x00000000c5300000, 0x00000000c5300000, 0x00000000c5400000|  0%| F|  |TAMS 0x00000000c5300000, 0x00000000c5300000| Untracked 
|  64|0x00000000c5400000, 0x00000000c5400000, 0x00000000c5500000|  0%| F|  |TAMS 0x00000000c5400000, 0x00000000c5400000| Untracked 
|  65|0x00000000c5500000, 0x00000000c5500000, 0x00000000c5600000|  0%| F|  |TAMS 0x00000000c5500000, 0x00000000c5500000| Untracked 
|  66|0x00000000c5600000, 0x00000000c5600000, 0x00000000c5700000|  0%| F|  |TAMS 0x00000000c5600000, 0x00000000c5600000| Untracked 
|  67|0x00000000c5700000, 0x00000000c5700000, 0x00000000c5800000|  0%| F|  |TAMS 0x00000000c5700000, 0x00000000c5700000| Untracked 
|  68|0x00000000c5800000, 0x00000000c5800000, 0x00000000c5900000|  0%| F|  |TAMS 0x00000000c5800000, 0x00000000c5800000| Untracked 
|  69|0x00000000c5900000, 0x00000000c5900000, 0x00000000c5a00000|  0%| F|  |TAMS 0x00000000c5900000, 0x00000000c5900000| Untracked 
|  70|0x00000000c5a00000, 0x00000000c5a00000, 0x00000000c5b00000|  0%| F|  |TAMS 0x00000000c5a00000, 0x00000000c5a00000| Untracked 
|  71|0x00000000c5b00000, 0x00000000c5b00000, 0x00000000c5c00000|  0%| F|  |TAMS 0x00000000c5b00000, 0x00000000c5b00000| Untracked 
|  72|0x00000000c5c00000, 0x00000000c5c00000, 0x00000000c5d00000|  0%| F|  |TAMS 0x00000000c5c00000, 0x00000000c5c00000| Untracked 
|  73|0x00000000c5d00000, 0x00000000c5d00000, 0x00000000c5e00000|  0%| F|  |TAMS 0x00000000c5d00000, 0x00000000c5d00000| Untracked 
|  74|0x00000000c5e00000, 0x00000000c5e00000, 0x00000000c5f00000|  0%| F|  |TAMS 0x00000000c5e00000, 0x00000000c5e00000| Untracked 
|  75|0x00000000c5f00000, 0x00000000c5f00000, 0x00000000c6000000|  0%| F|  |TAMS 0x00000000c5f00000, 0x00000000c5f00000| Untracked 
|  76|0x00000000c6000000, 0x00000000c6000000, 0x00000000c6100000|  0%| F|  |TAMS 0x00000000c6000000, 0x00000000c6000000| Untracked 
|  77|0x00000000c6100000, 0x00000000c6100000, 0x00000000c6200000|  0%| F|  |TAMS 0x00000000c6100000, 0x00000000c6100000| Untracked 
|  78|0x00000000c6200000, 0x00000000c6300000, 0x00000000c6300000|100%| S|CS|TAMS 0x00000000c6200000, 0x00000000c6200000| Complete 
|  79|0x00000000c6300000, 0x00000000c6400000, 0x00000000c6400000|100%| S|CS|TAMS 0x00000000c6300000, 0x00000000c6300000| Complete 
|  80|0x00000000c6400000, 0x00000000c6500000, 0x00000000c6500000|100%| S|CS|TAMS 0x00000000c6400000, 0x00000000c6400000| Complete 
|  81|0x00000000c6500000, 0x00000000c6600000, 0x00000000c6600000|100%| S|CS|TAMS 0x00000000c6500000, 0x00000000c6500000| Complete 
|  82|0x00000000c6600000, 0x00000000c6600000, 0x00000000c6700000|  0%| F|  |TAMS 0x00000000c6600000, 0x00000000c6600000| Untracked 
|  83|0x00000000c6700000, 0x00000000c6700000, 0x00000000c6800000|  0%| F|  |TAMS 0x00000000c6700000, 0x00000000c6700000| Untracked 
|  84|0x00000000c6800000, 0x00000000c6800000, 0x00000000c6900000|  0%| F|  |TAMS 0x00000000c6800000, 0x00000000c6800000| Untracked 
|  85|0x00000000c6900000, 0x00000000c6900000, 0x00000000c6a00000|  0%| F|  |TAMS 0x00000000c6900000, 0x00000000c6900000| Untracked 
|  86|0x00000000c6a00000, 0x00000000c6a00000, 0x00000000c6b00000|  0%| F|  |TAMS 0x00000000c6a00000, 0x00000000c6a00000| Untracked 
|  87|0x00000000c6b00000, 0x00000000c6b00000, 0x00000000c6c00000|  0%| F|  |TAMS 0x00000000c6b00000, 0x00000000c6b00000| Untracked 
|  88|0x00000000c6c00000, 0x00000000c6c00000, 0x00000000c6d00000|  0%| F|  |TAMS 0x00000000c6c00000, 0x00000000c6c00000| Untracked 
|  89|0x00000000c6d00000, 0x00000000c6d00000, 0x00000000c6e00000|  0%| F|  |TAMS 0x00000000c6d00000, 0x00000000c6d00000| Untracked 
|  90|0x00000000c6e00000, 0x00000000c6e00000, 0x00000000c6f00000|  0%| F|  |TAMS 0x00000000c6e00000, 0x00000000c6e00000| Untracked 
|  91|0x00000000c6f00000, 0x00000000c6f00000, 0x00000000c7000000|  0%| F|  |TAMS 0x00000000c6f00000, 0x00000000c6f00000| Untracked 
|  92|0x00000000c7000000, 0x00000000c7000000, 0x00000000c7100000|  0%| F|  |TAMS 0x00000000c7000000, 0x00000000c7000000| Untracked 
|  93|0x00000000c7100000, 0x00000000c7100000, 0x00000000c7200000|  0%| F|  |TAMS 0x00000000c7100000, 0x00000000c7100000| Untracked 
|  94|0x00000000c7200000, 0x00000000c7200000, 0x00000000c7300000|  0%| F|  |TAMS 0x00000000c7200000, 0x00000000c7200000| Untracked 
|  95|0x00000000c7300000, 0x00000000c7300000, 0x00000000c7400000|  0%| F|  |TAMS 0x00000000c7300000, 0x00000000c7300000| Untracked 
|  96|0x00000000c7400000, 0x00000000c7400000, 0x00000000c7500000|  0%| F|  |TAMS 0x00000000c7400000, 0x00000000c7400000| Untracked 
|  97|0x00000000c7500000, 0x00000000c7500000, 0x00000000c7600000|  0%| F|  |TAMS 0x00000000c7500000, 0x00000000c7500000| Untracked 
|  98|0x00000000c7600000, 0x00000000c7600000, 0x00000000c7700000|  0%| F|  |TAMS 0x00000000c7600000, 0x00000000c7600000| Untracked 
|  99|0x00000000c7700000, 0x00000000c7700000, 0x00000000c7800000|  0%| F|  |TAMS 0x00000000c7700000, 0x00000000c7700000| Untracked 
| 100|0x00000000c7800000, 0x00000000c7800000, 0x00000000c7900000|  0%| F|  |TAMS 0x00000000c7800000, 0x00000000c7800000| Untracked 
| 101|0x00000000c7900000, 0x00000000c7900000, 0x00000000c7a00000|  0%| F|  |TAMS 0x00000000c7900000, 0x00000000c7900000| Untracked 
| 102|0x00000000c7a00000, 0x00000000c7a00000, 0x00000000c7b00000|  0%| F|  |TAMS 0x00000000c7a00000, 0x00000000c7a00000| Untracked 
| 103|0x00000000c7b00000, 0x00000000c7b00000, 0x00000000c7c00000|  0%| F|  |TAMS 0x00000000c7b00000, 0x00000000c7b00000| Untracked 
| 104|0x00000000c7c00000, 0x00000000c7c00000, 0x00000000c7d00000|  0%| F|  |TAMS 0x00000000c7c00000, 0x00000000c7c00000| Untracked 
| 105|0x00000000c7d00000, 0x00000000c7d00000, 0x00000000c7e00000|  0%| F|  |TAMS 0x00000000c7d00000, 0x00000000c7d00000| Untracked 
| 106|0x00000000c7e00000, 0x00000000c7e00000, 0x00000000c7f00000|  0%| F|  |TAMS 0x00000000c7e00000, 0x00000000c7e00000| Untracked 
| 107|0x00000000c7f00000, 0x00000000c7f00000, 0x00000000c8000000|  0%| F|  |TAMS 0x00000000c7f00000, 0x00000000c7f00000| Untracked 
| 108|0x00000000c8000000, 0x00000000c8000000, 0x00000000c8100000|  0%| F|  |TAMS 0x00000000c8000000, 0x00000000c8000000| Untracked 
| 109|0x00000000c8100000, 0x00000000c8100000, 0x00000000c8200000|  0%| F|  |TAMS 0x00000000c8100000, 0x00000000c8100000| Untracked 
| 110|0x00000000c8200000, 0x00000000c8200000, 0x00000000c8300000|  0%| F|  |TAMS 0x00000000c8200000, 0x00000000c8200000| Untracked 
| 111|0x00000000c8300000, 0x00000000c8300000, 0x00000000c8400000|  0%| F|  |TAMS 0x00000000c8300000, 0x00000000c8300000| Untracked 
| 112|0x00000000c8400000, 0x00000000c8400000, 0x00000000c8500000|  0%| F|  |TAMS 0x00000000c8400000, 0x00000000c8400000| Untracked 
| 113|0x00000000c8500000, 0x00000000c8500000, 0x00000000c8600000|  0%| F|  |TAMS 0x00000000c8500000, 0x00000000c8500000| Untracked 

Card table byte_map: [0x0000021018bb0000,0x0000021018db0000] _byte_map_base: 0x00000210185a6000

Marking Bits (Prev, Next): (CMBitMap*) 0x000002101252f700, (CMBitMap*) 0x000002101252f6c0
 Prev Bits: [0x0000021019f60000, 0x000002101af10000)
 Next Bits: [0x0000021018fb0000, 0x0000021019f60000)

Polling page: 0x0000021011cc0000

Metaspace:

Usage:
  Non-class:     59.13 MB used.
      Class:      9.29 MB used.
       Both:     68.42 MB used.

Virtual space:
  Non-class space:       64.00 MB reserved,      59.31 MB ( 93%) committed,  8 nodes.
      Class space:        1.00 GB reserved,       9.50 MB ( <1%) committed,  1 nodes.
             Both:        1.06 GB reserved,      68.81 MB (  6%) committed. 

Chunk freelists:
   Non-Class:  64.00 KB
       Class:  2.50 MB
        Both:  2.56 MB

MaxMetaspaceSize: unlimited
CompressedClassSpaceSize: 1.00 GB
Initial GC threshold: 21.00 MB
Current GC threshold: 114.50 MB
CDS: off
MetaspaceReclaimPolicy: balanced
 - commit_granule_bytes: 65536.
 - commit_granule_words: 8192.
 - virtual_space_node_default_size: 1048576.
 - enlarge_chunks_in_place: 1.
 - new_chunks_are_fully_committed: 0.
 - uncommit_free_chunks: 1.
 - use_allocation_guard: 0.
 - handle_deallocations: 1.


Internal statistics:

num_allocs_failed_limit: 6.
num_arena_births: 528.
num_arena_deaths: 0.
num_vsnodes_births: 9.
num_vsnodes_deaths: 0.
num_space_committed: 1101.
num_space_uncommitted: 0.
num_chunks_returned_to_freelist: 6.
num_chunks_taken_from_freelist: 2659.
num_chunk_merges: 6.
num_chunk_splits: 1884.
num_chunks_enlarged: 1490.
num_purges: 0.
num_inconsistent_stats: 0.

CodeCache: size=49152Kb used=12197Kb max_used=12197Kb free=36955Kb
 bounds [0x0000021015bb0000, 0x00000210167a0000, 0x0000021018bb0000]
 total_blobs=6534 nmethods=5886 adapters=573
 compilation: enabled
              stopped_count=0, restarted_count=0
 full_count=0

Compilation events (20 events):
Event: 20.499 Thread 0x000002101e6b0060 nmethod 5877 0x000002101678c110 code [0x000002101678c2c0, 0x000002101678c4d8]
Event: 20.499 Thread 0x000002101e6b0060 5878       1       nonapi.io.github.classgraph.fileslice.Slice$1::<init> (44 bytes)
Event: 20.500 Thread 0x000002101e6b0060 nmethod 5878 0x000002101678c610 code [0x000002101678c7c0, 0x000002101678cb68]
Event: 20.500 Thread 0x000002101e6b0060 5879       1       nonapi.io.github.classgraph.fastzipfilereader.NestedJarHandler::openInflaterInputStream (10 bytes)
Event: 20.500 Thread 0x000002101e6b0060 nmethod 5879 0x000002101678cc90 code [0x000002101678ce20, 0x000002101678cf68]
Event: 20.500 Thread 0x000002101e6b0060 5880   !   1       nonapi.io.github.classgraph.fileslice.FileSlice::<init> (187 bytes)
Event: 20.504 Thread 0x000002101e6b0060 nmethod 5880 0x000002101678d010 code [0x000002101678d3c0, 0x000002101678e3b8]
Event: 20.504 Thread 0x000002101e6b0060 5882       1       nonapi.io.github.classgraph.fastzipfilereader.NestedJarHandler$3::newInstance (10 bytes)
Event: 20.505 Thread 0x000002101e6b0060 nmethod 5882 0x000002101678ee10 code [0x000002101678efe0, 0x000002101678f308]
Event: 20.505 Thread 0x000002101e6b0060 5883       1       nonapi.io.github.classgraph.fastzipfilereader.NestedJarHandler$3::newInstance (14 bytes)
Event: 20.505 Thread 0x000002101d508d30 5884       1       nonapi.io.github.classgraph.fastzipfilereader.LogicalZipFile::<init> (26 bytes)
Event: 20.505 Thread 0x000002101e6b0060 nmethod 5883 0x000002101678f490 code [0x000002101678f640, 0x000002101678f928]
Event: 20.505 Thread 0x000002101e6b0060 5885       1       nonapi.io.github.classgraph.fastzipfilereader.ZipFileSlice::<init> (37 bytes)
Event: 20.505 Thread 0x000002101d508d30 nmethod 5884 0x000002101678fa90 code [0x000002101678fc40, 0x000002101678fe88]
Event: 20.505 Thread 0x000002101e6b0060 nmethod 5885 0x000002101678ff90 code [0x0000021016790120, 0x0000021016790378]
Event: 20.505 Thread 0x000002101d508d30 5881   !   1       java.io.RandomAccessFile::getChannel (84 bytes)
Event: 20.506 Thread 0x000002101d508d30 nmethod 5881 0x0000021016790410 code [0x00000210167905e0, 0x00000210167909c8]
Event: 20.509 Thread 0x000002101d46c8d0 nmethod 5870 0x0000021016790c10 code [0x0000021016791820, 0x00000210167961e8]
Event: 20.581 Thread 0x000002101d46c8d0 5886       1       nonapi.io.github.classgraph.fileslice.FileSlice::<init> (10 bytes)
Event: 20.582 Thread 0x000002101d46c8d0 nmethod 5886 0x0000021016799110 code [0x00000210167992a0, 0x0000021016799388]

GC Heap History (20 events):
Event: 18.753 GC heap after
{Heap after GC invocations=23 (full 0):
 garbage-first heap   total 65536K, used 33343K [0x00000000c1400000, 0x0000000100000000)
  region size 1024K, 3 young (3072K), 3 survivors (3072K)
 Metaspace       used 68188K, committed 68608K, reserved 1114112K
  class space    used 9255K, committed 9472K, reserved 1048576K
}
Event: 19.459 GC heap before
{Heap before GC invocations=24 (full 0):
 garbage-first heap   total 65536K, used 49727K [0x00000000c1400000, 0x0000000100000000)
  region size 1024K, 21 young (21504K), 3 survivors (3072K)
 Metaspace       used 69970K, committed 70336K, reserved 1114112K
  class space    used 9499K, committed 9664K, reserved 1048576K
}
Event: 19.471 GC heap after
{Heap after GC invocations=25 (full 0):
 garbage-first heap   total 65536K, used 35865K [0x00000000c1400000, 0x0000000100000000)
  region size 1024K, 3 young (3072K), 3 survivors (3072K)
 Metaspace       used 69970K, committed 70336K, reserved 1114112K
  class space    used 9499K, committed 9664K, reserved 1048576K
}
Event: 19.603 GC heap before
{Heap before GC invocations=25 (full 0):
 garbage-first heap   total 65536K, used 51225K [0x00000000c1400000, 0x0000000100000000)
  region size 1024K, 18 young (18432K), 3 survivors (3072K)
 Metaspace       used 69970K, committed 70336K, reserved 1114112K
  class space    used 9499K, committed 9664K, reserved 1048576K
}
Event: 19.614 GC heap after
{Heap after GC invocations=26 (full 0):
 garbage-first heap   total 65536K, used 40664K [0x00000000c1400000, 0x0000000100000000)
  region size 1024K, 3 young (3072K), 3 survivors (3072K)
 Metaspace       used 69970K, committed 70336K, reserved 1114112K
  class space    used 9499K, committed 9664K, reserved 1048576K
}
Event: 19.743 GC heap before
{Heap before GC invocations=27 (full 0):
 garbage-first heap   total 71680K, used 50904K [0x00000000c1400000, 0x0000000100000000)
  region size 1024K, 14 young (14336K), 3 survivors (3072K)
 Metaspace       used 69970K, committed 70336K, reserved 1114112K
  class space    used 9499K, committed 9664K, reserved 1048576K
}
Event: 19.749 GC heap after
{Heap after GC invocations=28 (full 0):
 garbage-first heap   total 71680K, used 43317K [0x00000000c1400000, 0x0000000100000000)
  region size 1024K, 2 young (2048K), 2 survivors (2048K)
 Metaspace       used 69970K, committed 70336K, reserved 1114112K
  class space    used 9499K, committed 9664K, reserved 1048576K
}
Event: 19.761 GC heap before
{Heap before GC invocations=28 (full 0):
 garbage-first heap   total 71680K, used 45365K [0x00000000c1400000, 0x0000000100000000)
  region size 1024K, 5 young (5120K), 2 survivors (2048K)
 Metaspace       used 69970K, committed 70336K, reserved 1114112K
  class space    used 9499K, committed 9664K, reserved 1048576K
}
Event: 19.765 GC heap after
{Heap after GC invocations=29 (full 0):
 garbage-first heap   total 94208K, used 44445K [0x00000000c1400000, 0x0000000100000000)
  region size 1024K, 1 young (1024K), 1 survivors (1024K)
 Metaspace       used 69970K, committed 70336K, reserved 1114112K
  class space    used 9499K, committed 9664K, reserved 1048576K
}
Event: 20.026 GC heap before
{Heap before GC invocations=30 (full 0):
 garbage-first heap   total 96256K, used 69021K [0x00000000c1400000, 0x0000000100000000)
  region size 1024K, 25 young (25600K), 1 survivors (1024K)
 Metaspace       used 70063K, committed 70464K, reserved 1114112K
  class space    used 9512K, committed 9728K, reserved 1048576K
}
Event: 20.038 GC heap after
{Heap after GC invocations=31 (full 0):
 garbage-first heap   total 96256K, used 50903K [0x00000000c1400000, 0x0000000100000000)
  region size 1024K, 4 young (4096K), 4 survivors (4096K)
 Metaspace       used 70063K, committed 70464K, reserved 1114112K
  class space    used 9512K, committed 9728K, reserved 1048576K
}
Event: 20.043 GC heap before
{Heap before GC invocations=31 (full 0):
 garbage-first heap   total 96256K, used 51927K [0x00000000c1400000, 0x0000000100000000)
  region size 1024K, 5 young (5120K), 4 survivors (4096K)
 Metaspace       used 70063K, committed 70464K, reserved 1114112K
  class space    used 9512K, committed 9728K, reserved 1048576K
}
Event: 20.049 GC heap after
{Heap after GC invocations=32 (full 0):
 garbage-first heap   total 96256K, used 51855K [0x00000000c1400000, 0x0000000100000000)
  region size 1024K, 1 young (1024K), 1 survivors (1024K)
 Metaspace       used 70063K, committed 70464K, reserved 1114112K
  class space    used 9512K, committed 9728K, reserved 1048576K
}
Event: 20.117 GC heap before
{Heap before GC invocations=32 (full 0):
 garbage-first heap   total 96256K, used 62095K [0x00000000c1400000, 0x0000000100000000)
  region size 1024K, 13 young (13312K), 1 survivors (1024K)
 Metaspace       used 70063K, committed 70464K, reserved 1114112K
  class space    used 9512K, committed 9728K, reserved 1048576K
}
Event: 20.121 GC heap after
{Heap after GC invocations=33 (full 0):
 garbage-first heap   total 96256K, used 54051K [0x00000000c1400000, 0x0000000100000000)
  region size 1024K, 3 young (3072K), 3 survivors (3072K)
 Metaspace       used 70063K, committed 70464K, reserved 1114112K
  class space    used 9512K, committed 9728K, reserved 1048576K
}
Event: 20.389 GC heap before
{Heap before GC invocations=34 (full 0):
 garbage-first heap   total 116736K, used 70435K [0x00000000c1400000, 0x0000000100000000)
  region size 1024K, 22 young (22528K), 3 survivors (3072K)
 Metaspace       used 70063K, committed 70464K, reserved 1114112K
  class space    used 9512K, committed 9728K, reserved 1048576K
}
Event: 20.403 GC heap after
{Heap after GC invocations=35 (full 0):
 garbage-first heap   total 116736K, used 56875K [0x00000000c1400000, 0x0000000100000000)
  region size 1024K, 3 young (3072K), 3 survivors (3072K)
 Metaspace       used 70063K, committed 70464K, reserved 1114112K
  class space    used 9512K, committed 9728K, reserved 1048576K
}
Event: 20.410 GC heap before
{Heap before GC invocations=35 (full 0):
 garbage-first heap   total 116736K, used 59947K [0x00000000c1400000, 0x0000000100000000)
  region size 1024K, 5 young (5120K), 3 survivors (3072K)
 Metaspace       used 70063K, committed 70464K, reserved 1114112K
  class space    used 9512K, committed 9728K, reserved 1048576K
}
Event: 20.419 GC heap after
{Heap after GC invocations=36 (full 0):
 garbage-first heap   total 116736K, used 51693K [0x00000000c1400000, 0x0000000100000000)
  region size 1024K, 1 young (1024K), 1 survivors (1024K)
 Metaspace       used 70063K, committed 70464K, reserved 1114112K
  class space    used 9512K, committed 9728K, reserved 1048576K
}
Event: 20.660 GC heap before
{Heap before GC invocations=36 (full 0):
 garbage-first heap   total 116736K, used 82413K [0x00000000c1400000, 0x0000000100000000)
  region size 1024K, 32 young (32768K), 1 survivors (1024K)
 Metaspace       used 70064K, committed 70464K, reserved 1114112K
  class space    used 9512K, committed 9728K, reserved 1048576K
}

Deoptimization events (10 events):
Event: 4.987 Thread 0x00000210124f1d80 DEOPT PACKING pc=0x000002101612ed19 sp=0x000000ea46ffc5c0
Event: 4.987 Thread 0x00000210124f1d80 DEOPT UNPACKING pc=0x0000021015c02b43 sp=0x000000ea46ffbaa0 mode 3
Event: 9.483 Thread 0x00000210124f1d80 DEOPT PACKING pc=0x00000210160eef94 sp=0x000000ea46ffd4d0
Event: 9.483 Thread 0x00000210124f1d80 DEOPT UNPACKING pc=0x0000021015c02b43 sp=0x000000ea46ffca28 mode 0
Event: 13.176 Thread 0x00000210124f1d80 DEOPT PACKING pc=0x000002101642307d sp=0x000000ea46ffc400
Event: 13.176 Thread 0x00000210124f1d80 DEOPT UNPACKING pc=0x0000021015c02b43 sp=0x000000ea46ffb968 mode 3
Event: 18.653 Thread 0x00000210124f1d80 DEOPT PACKING pc=0x00000210160e3242 sp=0x000000ea46ff9f30
Event: 18.653 Thread 0x00000210124f1d80 DEOPT UNPACKING pc=0x0000021015c02b43 sp=0x000000ea46ff9438 mode 3
Event: 19.337 Thread 0x00000210124f1d80 DEOPT PACKING pc=0x00000210166b45ab sp=0x000000ea46ffcc30
Event: 19.337 Thread 0x00000210124f1d80 DEOPT UNPACKING pc=0x0000021015c02b43 sp=0x000000ea46ffc178 mode 3

Classes unloaded (0 events):
No events

Classes redefined (0 events):
No events

Internal exceptions (20 events):
Event: 17.953 Thread 0x00000210124f1d80 Exception <a 'java/lang/reflect/InvocationTargetException'{0x00000000c5395c90}> (0x00000000c5395c90) 
thrown [s\src\hotspot\share\runtime\reflection.cpp, line 1121]
Event: 17.977 Thread 0x00000210124f1d80 Exception <a 'java/lang/NoSuchMethodError'{0x00000000c520e0b8}: 'java.lang.Object java.lang.invoke.DirectMethodHandle$Holder.invokeStatic(java.lang.Object, java.lang.Object, int, java.lang.Object)'> (0x00000000c520e0b8) 
thrown [s\src\hotspot\share\interpreter\linkResolver.cpp, line 759]
Event: 17.978 Thread 0x00000210124f1d80 Exception <a 'java/lang/NoSuchMethodError'{0x00000000c52157d8}: 'java.lang.Object java.lang.invoke.DirectMethodHandle$Holder.newInvokeSpecial(java.lang.Object, java.lang.Object, int)'> (0x00000000c52157d8) 
thrown [s\src\hotspot\share\interpreter\linkResolver.cpp, line 759]
Event: 17.987 Thread 0x00000210124f1d80 Exception <a 'java/lang/IncompatibleClassChangeError'{0x00000000c5242740}: Found class java.lang.Object, but interface was expected> (0x00000000c5242740) 
thrown [s\src\hotspot\share\interpreter\linkResolver.cpp, line 826]
Event: 18.066 Thread 0x00000210124f1d80 Exception <a 'java/lang/reflect/InvocationTargetException'{0x00000000c51dd4e0}> (0x00000000c51dd4e0) 
thrown [s\src\hotspot\share\runtime\reflection.cpp, line 1121]
Event: 18.071 Thread 0x00000210124f1d80 Exception <a 'java/lang/reflect/InvocationTargetException'{0x00000000c51ebb40}> (0x00000000c51ebb40) 
thrown [s\src\hotspot\share\runtime\reflection.cpp, line 1121]
Event: 18.116 Thread 0x00000210124f1d80 Exception <a 'java/lang/NoSuchMethodError'{0x00000000c4f5f510}: 'java.lang.Object java.lang.invoke.DirectMethodHandle$Holder.invokeInterface(java.lang.Object, java.lang.Object, java.lang.Object, java.lang.Object)'> (0x00000000c4f5f510) 
thrown [s\src\hotspot\share\interpreter\linkResolver.cpp, line 759]
Event: 18.159 Thread 0x00000210124f1d80 Exception <a 'java/lang/ClassNotFoundException'{0x00000000c4e6d4c8}: java/lang/ObjectCustomizer> (0x00000000c4e6d4c8) 
thrown [s\src\hotspot\share\classfile\systemDictionary.cpp, line 256]
Event: 18.160 Thread 0x00000210124f1d80 Exception <a 'java/lang/ClassNotFoundException'{0x00000000c4e76b38}: org/springframework/web/servlet/config/annotation/WebMvcConfigurationSupportCustomizer> (0x00000000c4e76b38) 
thrown [s\src\hotspot\share\classfile\systemDictionary.cpp, line 256]
Event: 18.161 Thread 0x00000210124f1d80 Exception <a 'java/lang/ClassNotFoundException'{0x00000000c4e8c680}: org/springframework/web/servlet/config/annotation/DelegatingWebMvcConfigurationCustomizer> (0x00000000c4e8c680) 
thrown [s\src\hotspot\share\classfile\systemDictionary.cpp, line 256]
Event: 18.162 Thread 0x00000210124f1d80 Exception <a 'java/lang/ClassNotFoundException'{0x00000000c4e97670}: org/springframework/boot/autoconfigure/web/servlet/WebMvcAutoConfiguration$EnableWebMvcConfigurationCustomizer> (0x00000000c4e97670) 
thrown [s\src\hotspot\share\classfile\systemDictionary.cpp, line 256]
Event: 18.165 Thread 0x00000210124f1d80 Exception <a 'java/lang/ClassNotFoundException'{0x00000000c4eaaff8}: org/springframework/context/ResourceLoaderAwareCustomizer> (0x00000000c4eaaff8) 
thrown [s\src\hotspot\share\classfile\systemDictionary.cpp, line 256]
Event: 18.165 Thread 0x00000210124f1d80 Exception <a 'java/lang/ClassNotFoundException'{0x00000000c4eb1380}: org/springframework/beans/factory/AwareCustomizer> (0x00000000c4eb1380) 
thrown [s\src\hotspot\share\classfile\systemDictionary.cpp, line 256]
Event: 18.166 Thread 0x00000210124f1d80 Exception <a 'java/lang/ClassNotFoundException'{0x00000000c4eb6c18}: org/springframework/context/ApplicationContextAwareCustomizer> (0x00000000c4eb6c18) 
thrown [s\src\hotspot\share\classfile\systemDictionary.cpp, line 256]
Event: 18.168 Thread 0x00000210124f1d80 Exception <a 'java/lang/ClassNotFoundException'{0x00000000c4ebe2c8}: org/springframework/beans/factory/AwareCustomizer> (0x00000000c4ebe2c8) 
thrown [s\src\hotspot\share\classfile\systemDictionary.cpp, line 256]
Event: 18.169 Thread 0x00000210124f1d80 Exception <a 'java/lang/ClassNotFoundException'{0x00000000c4ec3b38}: org/springframework/web/context/ServletContextAwareCustomizer> (0x00000000c4ec3b38) 
thrown [s\src\hotspot\share\classfile\systemDictionary.cpp, line 256]
Event: 18.170 Thread 0x00000210124f1d80 Exception <a 'java/lang/ClassNotFoundException'{0x00000000c4eca2f8}: org/springframework/beans/factory/AwareCustomizer> (0x00000000c4eca2f8) 
thrown [s\src\hotspot\share\classfile\systemDictionary.cpp, line 256]
Event: 18.729 Thread 0x00000210124f1d80 Exception <a 'java/lang/NoSuchMethodError'{0x00000000c409fcf0}: 'void java.lang.invoke.DirectMethodHandle$Holder.invokeVirtual(java.lang.Object, java.lang.Object, int)'> (0x00000000c409fcf0) 
thrown [s\src\hotspot\share\interpreter\linkResolver.cpp, line 759]
Event: 18.733 Thread 0x00000210124f1d80 Exception <a 'java/lang/NoSuchMethodError'{0x00000000c40bdc00}: 'void java.lang.invoke.DirectMethodHandle$Holder.invokeVirtual(java.lang.Object, java.lang.Object, long)'> (0x00000000c40bdc00) 
thrown [s\src\hotspot\share\interpreter\linkResolver.cpp, line 759]
Event: 19.157 Thread 0x00000210124f1d80 Exception <a 'java/lang/IncompatibleClassChangeError'{0x00000000c4df9560}: Found class java.lang.Object, but interface was expected> (0x00000000c4df9560) 
thrown [s\src\hotspot\share\interpreter\linkResolver.cpp, line 826]

VM Operations (20 events):
Event: 19.878 Executing VM operation: HandshakeAllThreads done
Event: 19.921 Executing VM operation: G1Concurrent
Event: 19.925 Executing VM operation: G1Concurrent done
Event: 19.994 Executing VM operation: G1Concurrent
Event: 19.996 Executing VM operation: G1Concurrent done
Event: 20.026 Executing VM operation: G1CollectForAllocation
Event: 20.038 Executing VM operation: G1CollectForAllocation done
Event: 20.043 Executing VM operation: G1CollectForAllocation
Event: 20.049 Executing VM operation: G1CollectForAllocation done
Event: 20.117 Executing VM operation: G1TryInitiateConcMark
Event: 20.121 Executing VM operation: G1TryInitiateConcMark done
Event: 20.265 Executing VM operation: G1Concurrent
Event: 20.272 Executing VM operation: G1Concurrent done
Event: 20.340 Executing VM operation: G1Concurrent
Event: 20.340 Executing VM operation: G1Concurrent done
Event: 20.389 Executing VM operation: G1CollectForAllocation
Event: 20.404 Executing VM operation: G1CollectForAllocation done
Event: 20.410 Executing VM operation: G1CollectForAllocation
Event: 20.419 Executing VM operation: G1CollectForAllocation done
Event: 20.631 Executing VM operation: G1CollectForAllocation

Events (20 events):
Event: 20.299 Thread 0x00000210228ccdb0 Thread added: 0x00000210228ccdb0
Event: 20.299 Thread 0x00000210228c80b0 Thread added: 0x00000210228c80b0
Event: 20.299 Thread 0x00000210228ca260 Thread added: 0x00000210228ca260
Event: 20.299 Thread 0x00000210228c9d90 Thread added: 0x00000210228c9d90
Event: 20.326 Thread 0x00000210228c80b0 Thread exited: 0x00000210228c80b0
Event: 20.326 Thread 0x00000210228ccdb0 Thread exited: 0x00000210228ccdb0
Event: 20.326 Thread 0x00000210228cbf40 Thread exited: 0x00000210228cbf40
Event: 20.326 Thread 0x00000210228ca730 Thread exited: 0x00000210228ca730
Event: 20.326 Thread 0x00000210228ca260 Thread exited: 0x00000210228ca260
Event: 20.326 Thread 0x00000210228c8f20 Thread exited: 0x00000210228c8f20
Event: 20.326 Thread 0x00000210228cc8e0 Thread exited: 0x00000210228cc8e0
Event: 20.326 Thread 0x00000210228c9d90 Thread exited: 0x00000210228c9d90
Event: 20.362 Thread 0x00000210228ccdb0 Thread added: 0x00000210228ccdb0
Event: 20.374 Thread 0x00000210228c8580 Thread added: 0x00000210228c8580
Event: 20.374 Thread 0x00000210228c8f20 Thread added: 0x00000210228c8f20
Event: 20.374 Thread 0x00000210228cea90 Thread added: 0x00000210228cea90
Event: 20.375 Thread 0x00000210228cba70 Thread added: 0x00000210228cba70
Event: 20.375 Thread 0x00000210228cb5a0 Thread added: 0x00000210228cb5a0
Event: 20.375 Thread 0x00000210228c93f0 Thread added: 0x00000210228c93f0
Event: 20.375 Thread 0x00000210228ce0f0 Thread added: 0x00000210228ce0f0


Dynamic libraries:
0x00007ff6e79b0000 - 0x00007ff6e79be000 	C:\Users\PRADEEP\Downloads\sts-4.15.3.RELEASE\plugins\org.eclipse.justj.openjdk.hotspot.jre.full.win32.x86_64_17.0.4.v20220805-1047\jre\bin\javaw.exe
0x00007ff9d6970000 - 0x00007ff9d6b68000 	C:\Windows\SYSTEM32\ntdll.dll
0x00007ff9d4a90000 - 0x00007ff9d4b4f000 	C:\Windows\System32\KERNEL32.DLL
0x00007ff9d4320000 - 0x00007ff9d45f2000 	C:\Windows\System32\KERNELBASE.dll
0x00007ff9d4220000 - 0x00007ff9d4320000 	C:\Windows\System32\ucrtbase.dll
0x00007ff9d1f90000 - 0x00007ff9d1fa9000 	C:\Users\PRADEEP\Downloads\sts-4.15.3.RELEASE\plugins\org.eclipse.justj.openjdk.hotspot.jre.full.win32.x86_64_17.0.4.v20220805-1047\jre\bin\VCRUNTIME140.dll
0x00007ff9ce300000 - 0x00007ff9ce318000 	C:\Users\PRADEEP\Downloads\sts-4.15.3.RELEASE\plugins\org.eclipse.justj.openjdk.hotspot.jre.full.win32.x86_64_17.0.4.v20220805-1047\jre\bin\jli.dll
0x00007ff9d4bc0000 - 0x00007ff9d4d5d000 	C:\Windows\System32\USER32.dll
0x00007ff9d46f0000 - 0x00007ff9d4712000 	C:\Windows\System32\win32u.dll
0x00007ff9d4d60000 - 0x00007ff9d4d8b000 	C:\Windows\System32\GDI32.dll
0x00007ff9d4070000 - 0x00007ff9d417f000 	C:\Windows\System32\gdi32full.dll
0x00007ff9d4650000 - 0x00007ff9d46ed000 	C:\Windows\System32\msvcp_win.dll
0x00007ff9c49b0000 - 0x00007ff9c4c4a000 	C:\Windows\WinSxS\amd64_microsoft.windows.common-controls_6595b64144ccf1df_6.0.19041.1110_none_60b5254171f9507e\COMCTL32.dll
0x00007ff9d6590000 - 0x00007ff9d662e000 	C:\Windows\System32\msvcrt.dll
0x00007ff9d63c0000 - 0x00007ff9d63f2000 	C:\Windows\System32\IMM32.DLL
0x00007ff9d1f50000 - 0x00007ff9d1f5c000 	C:\Users\PRADEEP\Downloads\sts-4.15.3.RELEASE\plugins\org.eclipse.justj.openjdk.hotspot.jre.full.win32.x86_64_17.0.4.v20220805-1047\jre\bin\vcruntime140_1.dll
0x00007ff9b9520000 - 0x00007ff9b95b1000 	C:\Users\PRADEEP\Downloads\sts-4.15.3.RELEASE\plugins\org.eclipse.justj.openjdk.hotspot.jre.full.win32.x86_64_17.0.4.v20220805-1047\jre\bin\msvcp140.dll
0x00007ff975ec0000 - 0x00007ff976b06000 	C:\Users\PRADEEP\Downloads\sts-4.15.3.RELEASE\plugins\org.eclipse.justj.openjdk.hotspot.jre.full.win32.x86_64_17.0.4.v20220805-1047\jre\bin\server\jvm.dll
0x00007ff9d49e0000 - 0x00007ff9d4a8e000 	C:\Windows\System32\ADVAPI32.dll
0x00007ff9d6690000 - 0x00007ff9d672c000 	C:\Windows\System32\sechost.dll
0x00007ff9d6730000 - 0x00007ff9d6855000 	C:\Windows\System32\RPCRT4.dll
0x00007ff9d4bb0000 - 0x00007ff9d4bb8000 	C:\Windows\System32\PSAPI.DLL
0x00007ff9ce170000 - 0x00007ff9ce197000 	C:\Windows\SYSTEM32\WINMM.dll
0x00007ff9c2b30000 - 0x00007ff9c2b3a000 	C:\Windows\SYSTEM32\VERSION.dll
0x00007ff9d2070000 - 0x00007ff9d2079000 	C:\Windows\SYSTEM32\WSOCK32.dll
0x00007ff9d5220000 - 0x00007ff9d528b000 	C:\Windows\System32\WS2_32.dll
0x00007ff9d1240000 - 0x00007ff9d1252000 	C:\Windows\SYSTEM32\kernel.appcore.dll
0x00007ff9cccd0000 - 0x00007ff9cccda000 	C:\Users\PRADEEP\Downloads\sts-4.15.3.RELEASE\plugins\org.eclipse.justj.openjdk.hotspot.jre.full.win32.x86_64_17.0.4.v20220805-1047\jre\bin\jimage.dll
0x00007ff9d3990000 - 0x00007ff9d3b74000 	C:\Windows\SYSTEM32\DBGHELP.DLL
0x00007ff9d37c0000 - 0x00007ff9d37ec000 	C:\Windows\SYSTEM32\dbgcore.DLL
0x00007ff9d4720000 - 0x00007ff9d47a2000 	C:\Windows\System32\bcryptPrimitives.dll
0x00007ff9ba010000 - 0x00007ff9ba035000 	C:\Users\PRADEEP\Downloads\sts-4.15.3.RELEASE\plugins\org.eclipse.justj.openjdk.hotspot.jre.full.win32.x86_64_17.0.4.v20220805-1047\jre\bin\java.dll
0x00007ff9c74d0000 - 0x00007ff9c74e8000 	C:\Users\PRADEEP\Downloads\sts-4.15.3.RELEASE\plugins\org.eclipse.justj.openjdk.hotspot.jre.full.win32.x86_64_17.0.4.v20220805-1047\jre\bin\zip.dll
0x00007ff9d5bc0000 - 0x00007ff9d6303000 	C:\Windows\System32\SHELL32.dll
0x00007ff9d1440000 - 0x00007ff9d1bd2000 	C:\Windows\SYSTEM32\windows.storage.dll
0x00007ff9d4e20000 - 0x00007ff9d5174000 	C:\Windows\System32\combase.dll
0x00007ff9d3370000 - 0x00007ff9d33a0000 	C:\Windows\SYSTEM32\Wldp.dll
0x00007ff9d6310000 - 0x00007ff9d63bd000 	C:\Windows\System32\SHCORE.dll
0x00007ff9d5290000 - 0x00007ff9d52e5000 	C:\Windows\System32\shlwapi.dll
0x00007ff9d3fb0000 - 0x00007ff9d3fcf000 	C:\Windows\SYSTEM32\profapi.dll
0x00007ff9b9ff0000 - 0x00007ff9ba009000 	C:\Users\PRADEEP\Downloads\sts-4.15.3.RELEASE\plugins\org.eclipse.justj.openjdk.hotspot.jre.full.win32.x86_64_17.0.4.v20220805-1047\jre\bin\net.dll
0x00007ff9c5040000 - 0x00007ff9c514c000 	C:\Windows\SYSTEM32\WINHTTP.dll
0x00007ff9d3060000 - 0x00007ff9d30ca000 	C:\Windows\system32\mswsock.dll
0x00007ff9b9fd0000 - 0x00007ff9b9fe5000 	C:\Users\PRADEEP\Downloads\sts-4.15.3.RELEASE\plugins\org.eclipse.justj.openjdk.hotspot.jre.full.win32.x86_64_17.0.4.v20220805-1047\jre\bin\nio.dll
0x00007ff9d1db0000 - 0x00007ff9d1db9000 	C:\Users\PRADEEP\Downloads\sts-4.15.3.RELEASE\plugins\org.eclipse.justj.openjdk.hotspot.jre.full.win32.x86_64_17.0.4.v20220805-1047\jre\bin\management.dll
0x00007ff9ce720000 - 0x00007ff9ce72b000 	C:\Users\PRADEEP\Downloads\sts-4.15.3.RELEASE\plugins\org.eclipse.justj.openjdk.hotspot.jre.full.win32.x86_64_17.0.4.v20220805-1047\jre\bin\management_ext.dll
0x00007ff9c0950000 - 0x00007ff9c0967000 	C:\Windows\system32\napinsp.dll
0x00007ff9c0930000 - 0x00007ff9c094b000 	C:\Windows\system32\pnrpnsp.dll
0x00007ff9c0910000 - 0x00007ff9c0925000 	C:\Windows\system32\wshbth.dll
0x00007ff9ced50000 - 0x00007ff9ced6d000 	C:\Windows\system32\NLAapi.dll
0x00007ff9d2d90000 - 0x00007ff9d2dcb000 	C:\Windows\SYSTEM32\IPHLPAPI.DLL
0x00007ff9d2dd0000 - 0x00007ff9d2e9a000 	C:\Windows\SYSTEM32\DNSAPI.dll
0x00007ff9d5210000 - 0x00007ff9d5218000 	C:\Windows\System32\NSI.dll
0x00007ff9c0810000 - 0x00007ff9c0822000 	C:\Windows\System32\winrnr.dll
0x00007ff9c4800000 - 0x00007ff9c480a000 	C:\Windows\System32\rasadhlp.dll
0x00007ff9c52c0000 - 0x00007ff9c5340000 	C:\Windows\System32\fwpuclnt.dll
0x00007ff9d41f0000 - 0x00007ff9d4217000 	C:\Windows\System32\bcrypt.dll
0x00007ff9d3d20000 - 0x00007ff9d3d38000 	C:\Windows\SYSTEM32\CRYPTSP.dll
0x00007ff9d2a50000 - 0x00007ff9d2a84000 	C:\Windows\system32\rsaenh.dll
0x00007ff9d3f70000 - 0x00007ff9d3f9e000 	C:\Windows\SYSTEM32\USERENV.dll
0x00007ff9d3290000 - 0x00007ff9d329c000 	C:\Windows\SYSTEM32\CRYPTBASE.dll
0x00007ff9ca090000 - 0x00007ff9ca0a7000 	C:\Windows\SYSTEM32\dhcpcsvc6.DLL
0x00007ff9ca9d0000 - 0x00007ff9ca9ed000 	C:\Windows\SYSTEM32\dhcpcsvc.DLL
0x00007ff9d1f80000 - 0x00007ff9d1f90000 	C:\Users\PRADEEP\Downloads\sts-4.15.3.RELEASE\plugins\org.eclipse.justj.openjdk.hotspot.jre.full.win32.x86_64_17.0.4.v20220805-1047\jre\bin\verify.dll
0x00007ff9d21d0000 - 0x00007ff9d21de000 	C:\Users\PRADEEP\Downloads\sts-4.15.3.RELEASE\plugins\org.eclipse.justj.openjdk.hotspot.jre.full.win32.x86_64_17.0.4.v20220805-1047\jre\bin\sunmscapi.dll
0x00007ff9d47b0000 - 0x00007ff9d4906000 	C:\Windows\System32\CRYPT32.dll
0x00007ff9d33e0000 - 0x00007ff9d3407000 	C:\Windows\SYSTEM32\ncrypt.dll
0x00007ff9d33a0000 - 0x00007ff9d33db000 	C:\Windows\SYSTEM32\NTASN1.dll

dbghelp: loaded successfully - version: 4.0.5 - missing functions: none
symbol engine: initialized successfully - sym options: 0x614 - pdb path: .;C:\Users\PRADEEP\Downloads\sts-4.15.3.RELEASE\plugins\org.eclipse.justj.openjdk.hotspot.jre.full.win32.x86_64_17.0.4.v20220805-1047\jre\bin;C:\Windows\SYSTEM32;C:\Windows\WinSxS\amd64_microsoft.windows.common-controls_6595b64144ccf1df_6.0.19041.1110_none_60b5254171f9507e;C:\Users\PRADEEP\Downloads\sts-4.15.3.RELEASE\plugins\org.eclipse.justj.openjdk.hotspot.jre.full.win32.x86_64_17.0.4.v20220805-1047\jre\bin\server

VM Arguments:
jvm_args: -Dcom.sun.management.jmxremote -Dcom.sun.management.jmxremote.port=60818 -Dcom.sun.management.jmxremote.authenticate=false -Dcom.sun.management.jmxremote.ssl=false -Djava.rmi.server.hostname=localhost -Dspring.jmx.enabled=true -Dspring.application.admin.enabled=true -XX:TieredStopAtLevel=1 -Dspring.boot.project.name=book-service -Dfile.encoding=UTF-8 -XX:+ShowCodeDetailsInExceptionMessages 
java_command: com.digitalbook.BookServiceApplication --spring.output.ansi.enabled=always
java_class_path (initial): H:\cts\DigitalBooks\book-service\target\classes;C:\Users\PRADEEP\.m2\repository\org\springframework\boot\spring-boot-starter-data-jpa\2.7.6\spring-boot-starter-data-jpa-2.7.6.jar;C:\Users\PRADEEP\.m2\repository\org\springframework\boot\spring-boot-starter-aop\2.7.6\spring-boot-starter-aop-2.7.6.jar;C:\Users\PRADEEP\.m2\repository\org\springframework\spring-aop\5.3.24\spring-aop-5.3.24.jar;C:\Users\PRADEEP\.m2\repository\org\aspectj\aspectjweaver\1.9.7\aspectjweaver-1.9.7.jar;C:\Users\PRADEEP\.m2\repository\org\springframework\boot\spring-boot-starter-jdbc\2.7.6\spring-boot-starter-jdbc-2.7.6.jar;C:\Users\PRADEEP\.m2\repository\com\zaxxer\HikariCP\4.0.3\HikariCP-4.0.3.jar;C:\Users\PRADEEP\.m2\repository\org\springframework\spring-jdbc\5.3.24\spring-jdbc-5.3.24.jar;C:\Users\PRADEEP\.m2\repository\jakarta\transaction\jakarta.transaction-api\1.3.3\jakarta.transaction-api-1.3.3.jar;C:\Users\PRADEEP\.m2\repository\jakarta\persistence\jakarta.persistence-api\2.2.3\jakarta.persistence-api-2.2.3.jar;C:\Users\PRADEEP\.m2\repository\org\hibernate\hibernate-core\5.6.14.Final\hibernate-core-5.6.14.Final.jar;C:\Users\PRADEEP\.m2\repository\org\jboss\logging\jboss-logging\3.4.3.Final\jboss-logging-3.4.3.Final.jar;C:\Users\PRADEEP\.m2\repository\net\bytebuddy\byte-buddy\1.12.19\byte-buddy-1.12.19.jar;C:\Users\PRADEEP\.m2\repository\antlr\antlr\2.7.7\antlr-2.7.7.jar;C:\Users\PRADEEP\.m2\repository\org\jboss\jandex\2.4.2.Final\jandex-2.4.2.Final.jar;C:\Users\PRADEEP\.m2\repository\com\fasterxml\classmate\1.5.1\classmate-1.5.1.jar;C:\Users\PRADEEP\.m2\repository\org\hibernate\common\hibernate-commons-annotations\5.1.2.Final\hibernate-commons-annotations-5.1.2.Final.jar;C:\Users\PRADEEP\.m2\repository\org\glassfish\jaxb\jaxb-runtime\2.3.7\jaxb-runtime-2.3.7.jar;C:\Users\PRADEEP\.m2\repository\org\glassfish\jaxb\txw2\2.3.7\txw2-2.3.7.jar;C:\Users\PRADEEP\.m2\repository\com\sun\istack\istack-commons-runtime\3.0.12\istack-commons-runtime-3.0.12.jar;C:\Users\PR
Launcher Type: SUN_STANDARD

[Global flags]
     intx CICompilerCount                          = 3                                         {product} {ergonomic}
     uint ConcGCThreads                            = 1                                         {product} {ergonomic}
     uint G1ConcRefinementThreads                  = 4                                         {product} {ergonomic}
   size_t G1HeapRegionSize                         = 1048576                                   {product} {ergonomic}
    uintx GCDrainStackTargetSize                   = 64                                        {product} {ergonomic}
   size_t InitialHeapSize                          = 67108864                                  {product} {ergonomic}
     bool ManagementServer                         = true                                      {product} {command line}
   size_t MarkStackSize                            = 4194304                                   {product} {ergonomic}
   size_t MaxHeapSize                              = 1052770304                                {product} {ergonomic}
   size_t MaxNewSize                               = 631242752                                 {product} {ergonomic}
   size_t MinHeapDeltaBytes                        = 1048576                                   {product} {ergonomic}
   size_t MinHeapSize                              = 8388608                                   {product} {ergonomic}
    uintx NonProfiledCodeHeapSize                  = 0                                      {pd product} {ergonomic}
     bool ProfileInterpreter                       = false                                  {pd product} {command line}
    uintx ProfiledCodeHeapSize                     = 0                                      {pd product} {ergonomic}
     bool ShowCodeDetailsInExceptionMessages       = true                                   {manageable} {command line}
   size_t SoftMaxHeapSize                          = 1052770304                             {manageable} {ergonomic}
     intx TieredStopAtLevel                        = 1                                         {product} {command line}
     bool UseCompressedClassPointers               = true                           {product lp64_product} {ergonomic}
     bool UseCompressedOops                        = true                           {product lp64_product} {ergonomic}
     bool UseG1GC                                  = true                                      {product} {ergonomic}
     bool UseLargePagesIndividualAllocation        = false                                  {pd product} {ergonomic}

Logging:
Log output configuration:
 #0: stdout all=warning uptime,level,tags
 #1: stderr all=off uptime,level,tags

Environment Variables:
PATH=C:/Users/PRADEEP/Downloads/sts-4.15.3.RELEASE//plugins/org.eclipse.justj.openjdk.hotspot.jre.full.win32.x86_64_17.0.4.v20220805-1047/jre/bin/server;C:/Users/PRADEEP/Downloads/sts-4.15.3.RELEASE//plugins/org.eclipse.justj.openjdk.hotspot.jre.full.win32.x86_64_17.0.4.v20220805-1047/jre/bin;C:\Program Files\Common Files\Oracle\Java\javapath;C:\Windows\system32;C:\Windows;C:\Windows\System32\Wbem;C:\Windows\System32\WindowsPowerShell\v1.0\;C:\Windows\System32\OpenSSH\;C:\Program Files\Java\jdk-11.0.17\bin;C:\Program Files\Git\cmd;C:\Program Files\nodejs\;D:\apache-maven-3.8.6\bin;C:\Program Files\MySQL\MySQL Shell 8.0\bin\;C:\Users\PRADEEP\AppData\Roaming\npm;C:\Users\PRADEEP\AppData\Local\Programs\Microsoft VS Code\bin;;C:\Users\PRADEEP\Downloads\sts-4.15.3.RELEASE;
USERNAME=PRADEEP
OS=Windows_NT
PROCESSOR_IDENTIFIER=Intel64 Family 6 Model 61 Stepping 4, GenuineIntel
TMP=C:\Users\PRADEEP\AppData\Local\Temp
TEMP=C:\Users\PRADEEP\AppData\Local\Temp



---------------  S Y S T E M  ---------------

OS:
 Windows 10 , 64 bit Build 19041 (10.0.19041.2251)
OS uptime: 13 days 4:23 hours

CPU: total 4 (initial active 4) (2 cores per cpu, 2 threads per core) family 6 model 61 stepping 4 microcode 0x2d, cx8, cmov, fxsr, ht, mmx, 3dnowpref, sse, sse2, sse3, ssse3, sse4.1, sse4.2, popcnt, lzcnt, tsc, tscinvbit, avx, avx2, aes, erms, clmul, bmi1, bmi2, adx, fma, vzeroupper, clflush

Memory: 4k page, system-wide physical 4011M (308M free)
TotalPageFile size 16299M (AvailPageFile size 83M)
current process WorkingSet (physical memory assigned to process): 268M, peak: 268M
current process commit charge ("private bytes"): 292M, peak: 520M

vm_info: OpenJDK 64-Bit Server VM (17.0.4+8) for windows-amd64 JRE (17.0.4+8), built on Jul 19 2022 16:05:16 by "temurin" with MS VC++ 16.7 (VS2019)

END.
